[ 2025-10-01 16:43:00,716 ] 1025 httpx - INFO - HTTP Request: GET https://dagshub.com/api/v1/user "HTTP/1.1 200 OK"
[ 2025-10-01 16:43:00,724 ] 107 dagshub - INFO - Accessing as AZAD227
[ 2025-10-01 16:43:01,122 ] 1025 httpx - INFO - HTTP Request: GET https://dagshub.com/api/v1/repos/AZAD227/Network-Security "HTTP/1.1 200 OK"
[ 2025-10-01 16:43:01,483 ] 1025 httpx - INFO - HTTP Request: GET https://dagshub.com/api/v1/user "HTTP/1.1 200 OK"
[ 2025-10-01 16:43:01,487 ] 107 dagshub - INFO - Initialized MLflow to track repo "AZAD227/Network-Security"
[ 2025-10-01 16:43:01,488 ] 107 dagshub - INFO - Repository AZAD227/Network-Security initialized!
[ 2025-10-01 16:43:01,488 ] 18 root - INFO - Initiate the data ingestion
[ 2025-10-01 16:43:04,698 ] 65 root - INFO - Performed train test split on the dataframe
[ 2025-10-01 16:43:04,699 ] 67 root - INFO - Exited split_data_as_train_test method of Data_Ingestion class
[ 2025-10-01 16:43:04,699 ] 75 root - INFO - Exporting train and test file path.
[ 2025-10-01 16:43:04,777 ] 84 root - INFO - Exported train and test file path.
[ 2025-10-01 16:43:04,777 ] 20 root - INFO - Data Initiation Completed
[ 2025-10-01 16:43:04,786 ] 24 root - INFO - Initiate the data Validation
[ 2025-10-01 16:43:04,866 ] 34 root - INFO - Required number of columns:2
[ 2025-10-01 16:43:04,866 ] 35 root - INFO - Data frame has columns:31
[ 2025-10-01 16:43:04,866 ] 34 root - INFO - Required number of columns:2
[ 2025-10-01 16:43:04,866 ] 35 root - INFO - Data frame has columns:31
[ 2025-10-01 16:43:05,068 ] 26 root - INFO - data Validation Completed
[ 2025-10-01 16:43:05,068 ] 29 root - INFO - data transformation started
[ 2025-10-01 16:43:05,068 ] 52 root - INFO - Entered initiate_data_transformation method of DataTransformation class
[ 2025-10-01 16:43:05,068 ] 54 root - INFO - Starting data transformation
[ 2025-10-01 16:43:05,113 ] 42 root - INFO - Entered get_data_transformer_object method of Transformation class
[ 2025-10-01 16:43:05,114 ] 45 root - INFO - Intializing KNNImputer with{'missing_values': nan, 'n_neighbors': 3, 'weights': 'uniform'}
[ 2025-10-01 16:43:05,132 ] 46 root - INFO - Entered the save object method of Main Utils class
[ 2025-10-01 16:43:05,136 ] 50 root - INFO - Exited the save object method of Main Utils class
[ 2025-10-01 16:43:05,136 ] 46 root - INFO - Entered the save object method of Main Utils class
[ 2025-10-01 16:43:05,139 ] 50 root - INFO - Exited the save object method of Main Utils class
[ 2025-10-01 16:43:05,141 ] 33 root - INFO - data transformation completed
[ 2025-10-01 16:43:05,141 ] 35 root - INFO - Model Training started
